tol=2.0e-01, sigma=0.0, host=unkno, nav=1024, nbrs=2, l_nlarea=1.000, l_dist=1.000
using quadratic fit line minimization
3: 12 | 4: 12 | 5: 12 | 6: 12 | 7: 12 | 
nlarea/dist = 1000000.000
000: dt: 0.00, sse: 4192150.8 (11942.042, 50.4, 212.994), neg: 117579 (%50.021:%0.01), avgs: 1024
001: dt: 0.00, sse: 4191844.8 (11942.013, 50.4, 212.989), neg: 117567 (%50.021:%0.01), avgs: 1024
002: dt: 0.00, sse: 4191799.5 (11941.987, 50.4, 212.988), neg: 117560 (%50.021:%0.01), avgs: 256
003: dt: 0.00, sse: 4191776.0 (11941.967, 50.4, 212.988), neg: 117559 (%50.021:%0.01), avgs: 64
004: dt: 0.00, sse: 4191753.0 (11941.969, 50.4, 212.988), neg: 117563 (%50.021:%0.01), avgs: 16
005: dt: 0.00, sse: 4191734.5 (11941.967, 50.4, 212.988), neg: 117560 (%50.021:%0.01), avgs: 4
006: dt: 0.00, sse: 4191715.2 (11941.974, 50.4, 212.988), neg: 117551 (%50.021:%0.01), avgs: 1
007: dt: 0.00, sse: 4191703.5 (11941.935, 50.4, 212.988), neg: 117542 (%50.021:%0.01), avgs: 0
nlarea/dist = 100000.000
008: dt: 0.00, sse: 9785276.0 (11941.907, 50.4, 212.984), neg: 117604 (%50.021:%0.01), avgs: 1024
009: dt: 0.00, sse: 9785201.0 (11941.882, 50.4, 212.983), neg: 117613 (%50.021:%0.01), avgs: 256
010: dt: 0.00, sse: 9785122.0 (11941.667, 50.4, 212.980), neg: 117633 (%50.021:%0.01), avgs: 64
011: dt: 0.00, sse: 9785098.0 (11941.669, 50.4, 212.980), neg: 117626 (%50.021:%0.01), avgs: 16
012: dt: 0.00, sse: 9785077.0 (11941.667, 50.4, 212.980), neg: 117619 (%50.021:%0.01), avgs: 4
013: dt: 0.00, sse: 9785054.0 (11941.674, 50.4, 212.980), neg: 117615 (%50.021:%0.01), avgs: 1
014: dt: 0.00, sse: 9437175.0 (6239.727, 50.4, 198.034), neg: 125538 (%48.832:%0.01), avgs: 0
015: dt: 0.00, sse: 9308839.0 (10538.210, 50.4, 193.068), neg: 126574 (%48.385:%0.01), avgs: 0
016: dt: 0.00, sse: 9254116.0 (8085.832, 50.4, 190.770), neg: 128241 (%48.083:%0.01), avgs: 0
017: dt: 0.00, sse: 9111004.0 (7907.771, 50.4, 185.072), neg: 131972 (%46.675:%0.01), avgs: 0
018: dt: 0.00, sse: 9107247.0 (5468.180, 50.4, 184.874), neg: 132170 (%46.599:%0.01), avgs: 0
019: dt: 0.00, sse: 9107246.0 (5467.177, 50.4, 184.874), neg: 132172 (%46.599:%0.01), avgs: 0
nlarea/dist = 1000.000
020: dt: 0.00, sse: 472682560.0 (5467.681, 50.4, 184.870), neg: 131848 (%46.599:%0.01), avgs: 1024
021: dt: 0.00, sse: 472675936.0 (5468.415, 50.4, 184.868), neg: 131710 (%46.599:%0.01), avgs: 256
022: dt: 0.00, sse: 472665792.0 (5470.061, 50.4, 184.866), neg: 131699 (%46.599:%0.01), avgs: 64
023: dt: 0.00, sse: 472618688.0 (5479.500, 50.4, 184.857), neg: 131740 (%46.597:%0.01), avgs: 16
024: dt: 0.00, sse: 472162912.0 (5388.302, 50.4, 184.764), neg: 132055 (%46.529:%0.01), avgs: 4
025: dt: 0.00, sse: 471347392.0 (5086.099, 50.4, 184.600), neg: 132082 (%46.446:%0.01), avgs: 4
026: dt: 0.00, sse: 471092896.0 (4859.821, 50.4, 184.549), neg: 132114 (%46.433:%0.01), avgs: 4
027: dt: 0.00, sse: 470888512.0 (4876.542, 50.4, 184.507), neg: 132244 (%46.400:%0.01), avgs: 4
028: dt: 0.00, sse: 470746944.0 (4752.319, 50.4, 184.479), neg: 132246 (%46.380:%0.01), avgs: 4
029: dt: 0.00, sse: 470746944.0 (4752.455, 50.4, 184.479), neg: 132246 (%46.380:%0.01), avgs: 1
030: dt: 0.00, sse: 470105888.0 (4577.272, 50.4, 184.350), neg: 132554 (%46.306:%0.01), avgs: 0
031: dt: 0.00, sse: 469544512.0 (4707.278, 50.4, 184.236), neg: 132863 (%46.241:%0.02), avgs: 0
032: dt: 0.00, sse: 468956320.0 (4610.630, 50.4, 184.117), neg: 133172 (%46.180:%0.02), avgs: 0
033: dt: 0.00, sse: 468395584.0 (5283.489, 50.4, 184.004), neg: 133478 (%46.128:%0.02), avgs: 0
034: dt: 0.00, sse: 467808960.0 (6256.506, 50.4, 183.885), neg: 133750 (%46.091:%0.02), avgs: 0
035: dt: 0.00, sse: 466961472.0 (4942.647, 50.4, 183.715), neg: 133979 (%45.999:%0.02), avgs: 0
036: dt: 0.00, sse: 466234752.0 (4235.858, 50.4, 183.569), neg: 134277 (%45.915:%0.02), avgs: 0
037: dt: 0.00, sse: 465684000.0 (3759.435, 50.4, 183.457), neg: 134591 (%45.834:%0.02), avgs: 0
038: dt: 0.00, sse: 459761056.0 (7959.834, 50.4, 182.267), neg: 135514 (%45.217:%0.02), avgs: 0
039: dt: 0.00, sse: 459757600.0 (7943.202, 50.4, 182.267), neg: 135517 (%45.216:%0.02), avgs: 0
nlarea/dist = 100.000
040: dt: 0.00, sse: 4556286976.0 (7943.200, 50.4, 182.267), neg: 135513 (%45.216:%0.02), avgs: 1024
041: dt: 0.00, sse: 4556268032.0 (7940.510, 50.4, 182.266), neg: 135570 (%45.216:%0.02), avgs: 256
042: dt: 0.00, sse: 4555930624.0 (7914.830, 50.4, 182.260), neg: 135672 (%45.214:%0.02), avgs: 64
043: dt: 0.00, sse: 4555327488.0 (7773.414, 50.4, 182.247), neg: 135668 (%45.207:%0.02), avgs: 16
044: dt: 0.00, sse: 4554510336.0 (7112.516, 50.4, 182.231), neg: 135690 (%45.200:%0.02), avgs: 4
045: dt: 0.00, sse: 4554511360.0 (7112.708, 50.4, 182.231), neg: 135686 (%45.200:%0.02), avgs: 1
046: dt: 0.00, sse: 4554483200.0 (7098.929, 50.4, 182.231), neg: 135680 (%45.199:%0.02), avgs: 0
nlarea/dist = 10.000
047: dt: 0.00, sse: 45503528960.0 (7098.926, 50.4, 182.231), neg: 135679 (%45.199:%0.02), avgs: 1024
048: dt: 0.00, sse: 45503528960.0 (7098.922, 50.4, 182.231), neg: 135674 (%45.199:%0.02), avgs: 256
049: dt: 0.00, sse: 45503528960.0 (7098.915, 50.4, 182.231), neg: 135672 (%45.199:%0.02), avgs: 64
050: dt: 0.00, sse: 45503533056.0 (7098.867, 50.4, 182.231), neg: 135670 (%45.199:%0.02), avgs: 16
051: dt: 0.00, sse: 45503459328.0 (7019.645, 50.4, 182.230), neg: 135674 (%45.198:%0.02), avgs: 4
052: dt: 0.00, sse: 45503471616.0 (7019.850, 50.4, 182.230), neg: 135678 (%45.198:%0.02), avgs: 1
053: dt: 0.00, sse: 45503197184.0 (7006.434, 50.4, 182.230), neg: 135673 (%45.197:%0.02), avgs: 0
pass 0: epoch 1 of 3 starting distance error %2796.05
tol=2.0e-01, sigma=0.0, host=unkno, nav=1024, nbrs=3, l_nlarea=1.000, l_dist=0.100
using quadratic fit line minimization
nlarea/dist = 10.000
054: dt: 0.00, sse: 45503197184.0 (7006.432, 50.4, 182.230), neg: 135672 (%45.197:%0.02), avgs: 1024
055: dt: 0.00, sse: 45503197184.0 (7006.429, 50.4, 182.230), neg: 135660 (%45.197:%0.02), avgs: 256
056: dt: 0.00, sse: 45503197184.0 (7006.422, 50.4, 182.230), neg: 135652 (%45.197:%0.02), avgs: 64
057: dt: 0.00, sse: 45503201280.0 (7006.376, 50.4, 182.230), neg: 135651 (%45.197:%0.02), avgs: 16
058: dt: 0.00, sse: 45503201280.0 (7005.990, 50.4, 182.230), neg: 135653 (%45.197:%0.02), avgs: 4
059: dt: 0.00, sse: 45503209472.0 (7006.191, 50.4, 182.230), neg: 135657 (%45.197:%0.02), avgs: 1
060: dt: 0.00, sse: 45502939136.0 (6992.848, 50.4, 182.229), neg: 135662 (%45.197:%0.02), avgs: 0
pass 0: epoch 2 of 3 starting distance error %2796.04
tol=2.0e-01, sigma=0.0, host=unkno, nav=1024, nbrs=3, l_nlarea=1.000, l_dist=1.000
using quadratic fit line minimization
nlarea/dist = 1.000
061: dt: 0.00, sse: 454988070912.0 (6992.845, 50.4, 182.229), neg: 135657 (%45.197:%0.02), avgs: 1024
062: dt: 0.00, sse: 454988070912.0 (6992.842, 50.4, 182.229), neg: 135657 (%45.197:%0.02), avgs: 256
063: dt: 0.00, sse: 454988070912.0 (6992.835, 50.4, 182.229), neg: 135661 (%45.197:%0.02), avgs: 64
064: dt: 0.00, sse: 454988103680.0 (6992.790, 50.4, 182.229), neg: 135662 (%45.197:%0.02), avgs: 16
065: dt: 0.00, sse: 454988103680.0 (6992.405, 50.4, 182.229), neg: 135662 (%45.197:%0.02), avgs: 4
066: dt: 0.00, sse: 454988201984.0 (6992.602, 50.4, 182.229), neg: 135664 (%45.197:%0.02), avgs: 1
067: dt: 0.00, sse: 454985482240.0 (6979.332, 50.4, 182.229), neg: 135662 (%45.196:%0.02), avgs: 0
pass 0: epoch 3 of 3 starting distance error %2796.04
tol=2.0e-01, sigma=0.0, host=unkno, nav=1024, nbrs=3, l_nlarea=0.100, l_dist=1.000
using quadratic fit line minimization
nlarea/dist = 0.100
068: dt: 0.00, sse: 454981353472.0 (6979.329, 50.4, 182.229), neg: 135660 (%45.196:%0.02), avgs: 1024
069: dt: 0.00, sse: 454981353472.0 (6979.326, 50.4, 182.229), neg: 135671 (%45.196:%0.02), avgs: 256
070: dt: 0.00, sse: 454981353472.0 (6979.319, 50.4, 182.229), neg: 135666 (%45.196:%0.02), avgs: 64
071: dt: 0.00, sse: 454981386240.0 (6979.273, 50.4, 182.229), neg: 135660 (%45.197:%0.02), avgs: 16
072: dt: 0.00, sse: 454981386240.0 (6978.892, 50.4, 182.229), neg: 135649 (%45.196:%0.02), avgs: 4
073: dt: 0.00, sse: 454981484544.0 (6979.083, 50.4, 182.229), neg: 135646 (%45.196:%0.02), avgs: 1
074: dt: 0.00, sse: 454730153984.0 (5871.567, 50.4, 182.179), neg: 135723 (%45.149:%0.02), avgs: 0
075: dt: 0.00, sse: 454551535616.0 (5326.434, 50.4, 182.143), neg: 135749 (%45.111:%0.02), avgs: 0
076: dt: 0.00, sse: 453252055040.0 (10405.127, 50.4, 181.882), neg: 136562 (%44.921:%0.02), avgs: 0
077: dt: 0.00, sse: 452677435392.0 (7482.057, 50.4, 181.767), neg: 136590 (%44.857:%0.02), avgs: 0
078: dt: 0.00, sse: 452308566016.0 (5808.181, 50.4, 181.693), neg: 136604 (%44.805:%0.02), avgs: 0
079: dt: 0.00, sse: 452065722368.0 (4878.208, 50.4, 181.644), neg: 136643 (%44.765:%0.02), avgs: 0
080: dt: 0.00, sse: 451035660288.0 (4760.862, 50.4, 181.437), neg: 137076 (%44.636:%0.02), avgs: 0
081: dt: 0.00, sse: 449901264896.0 (3378.771, 50.4, 181.209), neg: 137810 (%44.403:%0.02), avgs: 0
082: dt: 0.00, sse: 449031897088.0 (3096.805, 50.4, 181.033), neg: 138510 (%44.203:%0.02), avgs: 0
083: dt: 0.00, sse: 448221413376.0 (5232.515, 50.4, 180.870), neg: 139631 (%43.765:%0.02), avgs: 0
084: dt: 0.00, sse: 447979487232.0 (3746.207, 50.4, 180.821), neg: 139664 (%43.688:%0.02), avgs: 0
085: dt: 0.00, sse: 447844909056.0 (3034.281, 50.4, 180.794), neg: 139720 (%43.634:%0.02), avgs: 0
086: dt: 0.00, sse: 447428624384.0 (4156.010, 50.4, 180.710), neg: 140277 (%43.623:%0.02), avgs: 0
087: dt: 0.00, sse: 446899781632.0 (4607.167, 50.4, 180.603), neg: 140545 (%43.614:%0.02), avgs: 0
088: dt: 0.00, sse: 446702583808.0 (3721.875, 50.4, 180.563), neg: 140569 (%43.558:%0.02), avgs: 0
089: dt: 0.00, sse: 446180294656.0 (3528.247, 50.4, 180.458), neg: 140795 (%43.486:%0.02), avgs: 0
090: dt: 0.00, sse: 445480468480.0 (2982.501, 50.4, 180.316), neg: 141153 (%43.371:%0.02), avgs: 0
091: dt: 0.00, sse: 444376252416.0 (2634.497, 50.4, 180.093), neg: 141861 (%43.127:%0.02), avgs: 0
092: dt: 0.00, sse: 443202830336.0 (2473.770, 50.4, 179.855), neg: 142598 (%42.821:%0.02), avgs: 0
093: dt: 0.00, sse: 442720518144.0 (2396.584, 50.4, 179.757), neg: 142869 (%42.703:%0.02), avgs: 0
094: dt: 0.00, sse: 438787473408.0 (2255.020, 50.4, 178.956), neg: 144286 (%41.607:%0.02), avgs: 0
095: dt: 0.00, sse: 433790091264.0 (6176.092, 50.4, 177.934), neg: 140848 (%39.851:%0.02), avgs: 0
096: dt: 0.00, sse: 433427218432.0 (4420.146, 50.4, 177.860), neg: 140910 (%39.621:%0.02), avgs: 0
097: dt: 0.00, sse: 433106616320.0 (3096.931, 50.4, 177.794), neg: 141070 (%39.425:%0.02), avgs: 0
098: dt: 0.00, sse: 432388308992.0 (3913.967, 50.4, 177.647), neg: 142426 (%39.266:%0.02), avgs: 0
099: dt: 0.00, sse: 431716958208.0 (3578.925, 50.4, 177.509), neg: 142847 (%39.080:%0.02), avgs: 0
100: dt: 0.00, sse: 431265415168.0 (2198.819, 50.4, 177.416), neg: 143035 (%38.781:%0.02), avgs: 0
101: dt: 0.00, sse: 430882160640.0 (2155.842, 50.4, 177.337), neg: 144029 (%38.536:%0.02), avgs: 0
102: dt: 0.00, sse: 430670938112.0 (2495.350, 50.4, 177.294), neg: 144584 (%38.465:%0.02), avgs: 0
103: dt: 0.00, sse: 430372651008.0 (2311.427, 50.4, 177.232), neg: 144991 (%38.364:%0.02), avgs: 0
104: dt: 0.00, sse: 430086324224.0 (2422.972, 50.4, 177.173), neg: 145349 (%38.266:%0.02), avgs: 0
105: dt: 0.00, sse: 429719650304.0 (2020.829, 50.4, 177.098), neg: 145806 (%38.033:%0.02), avgs: 0
106: dt: 0.00, sse: 428665077760.0 (2164.120, 50.4, 176.880), neg: 146312 (%37.523:%0.02), avgs: 0
107: dt: 0.00, sse: 428253642752.0 (1938.590, 50.4, 176.795), neg: 146994 (%37.308:%0.02), avgs: 0
108: dt: 0.00, sse: 427857051648.0 (1895.540, 50.4, 176.713), neg: 147471 (%37.086:%0.02), avgs: 0
109: dt: 0.00, sse: 421637128192.0 (5633.080, 50.4, 175.424), neg: 131155 (%35.602:%0.01), avgs: 0
110: dt: 0.00, sse: 421339561984.0 (3777.087, 50.4, 175.362), neg: 131257 (%35.035:%0.01), avgs: 0
111: dt: 0.00, sse: 421179588608.0 (3393.541, 50.4, 175.329), neg: 131392 (%34.812:%0.01), avgs: 0
112: dt: 0.00, sse: 420263133184.0 (7999.851, 50.4, 175.138), neg: 133144 (%34.540:%0.02), avgs: 0
113: dt: 0.00, sse: 419707518976.0 (4120.136, 50.4, 175.022), neg: 133199 (%33.748:%0.02), avgs: 0
starting distance error %2643.04
nlarea/dist = 1000000.000
114: dt: 0.00, sse: 4291181.5 (4120.123, 50.4, 145.147), neg: 133188 (%33.748:%0.02), avgs: 32
115: dt: 0.00, sse: 4291164.0 (4077.528, 50.4, 145.146), neg: 133200 (%33.737:%0.02), avgs: 8
116: dt: 0.00, sse: 4291153.0 (4075.868, 50.4, 145.146), neg: 133200 (%33.737:%0.02), avgs: 2
117: dt: 0.00, sse: 4291150.0 (4068.167, 50.4, 145.146), neg: 133203 (%33.734:%0.02), avgs: 0
nlarea/dist = 100000.000
118: dt: 0.00, sse: 4476669.0 (4068.155, 50.4, 145.146), neg: 133201 (%33.735:%0.02), avgs: 32
119: dt: 0.00, sse: 4476654.5 (4068.021, 50.4, 145.146), neg: 133195 (%33.734:%0.02), avgs: 8
120: dt: 0.00, sse: 4476645.5 (4066.365, 50.4, 145.146), neg: 133182 (%33.734:%0.02), avgs: 2
121: dt: 0.00, sse: 4476641.5 (4058.689, 50.4, 145.146), neg: 133187 (%33.732:%0.02), avgs: 0
nlarea/dist = 1000.000
122: dt: 0.00, sse: 24884942.0 (4058.677, 50.4, 145.146), neg: 133196 (%33.732:%0.02), avgs: 32
123: dt: 0.00, sse: 24884920.0 (4058.411, 50.4, 145.146), neg: 133191 (%33.732:%0.02), avgs: 8
124: dt: 0.00, sse: 24883378.0 (3588.136, 50.4, 145.135), neg: 133231 (%33.621:%0.02), avgs: 2
125: dt: 0.00, sse: 24882860.0 (3207.095, 50.4, 145.127), neg: 133288 (%33.524:%0.02), avgs: 2
126: dt: 0.00, sse: 24882838.0 (3206.043, 50.4, 145.127), neg: 133279 (%33.524:%0.02), avgs: 2
127: dt: 0.00, sse: 24882728.0 (3191.195, 50.4, 145.127), neg: 133265 (%33.519:%0.02), avgs: 0
nlarea/dist = 100.000
128: dt: 0.00, sse: 210359968.0 (3185.698, 50.4, 145.125), neg: 133278 (%33.533:%0.02), avgs: 32
129: dt: 0.00, sse: 210358336.0 (3184.955, 50.4, 145.124), neg: 133315 (%33.549:%0.02), avgs: 32
130: dt: 0.00, sse: 210358288.0 (3184.917, 50.4, 145.124), neg: 133325 (%33.549:%0.02), avgs: 8
131: dt: 0.00, sse: 210326288.0 (2476.889, 50.4, 145.110), neg: 133485 (%33.300:%0.02), avgs: 2
132: dt: 0.00, sse: 210269024.0 (2502.699, 50.4, 145.083), neg: 134064 (%33.149:%0.02), avgs: 2
133: dt: 0.00, sse: 210260592.0 (2289.665, 50.4, 145.080), neg: 134116 (%33.046:%0.02), avgs: 2
134: dt: 0.00, sse: 210256320.0 (2163.364, 50.4, 145.078), neg: 134161 (%32.965:%0.02), avgs: 2
135: dt: 0.00, sse: 210254192.0 (2097.847, 50.4, 145.076), neg: 134206 (%32.900:%0.02), avgs: 2
136: dt: 0.00, sse: 210252432.0 (2058.347, 50.4, 145.074), neg: 134316 (%32.853:%0.02), avgs: 2
137: dt: 0.00, sse: 210234016.0 (1982.319, 50.4, 145.058), neg: 135058 (%32.612:%0.02), avgs: 2
138: dt: 0.00, sse: 210224352.0 (2086.450, 50.4, 145.049), neg: 135461 (%32.598:%0.02), avgs: 2
139: dt: 0.00, sse: 210221504.0 (1983.499, 50.4, 145.047), neg: 135522 (%32.507:%0.02), avgs: 2
140: dt: 0.00, sse: 210220800.0 (1940.105, 50.4, 145.046), neg: 135580 (%32.444:%0.02), avgs: 2
141: dt: 0.00, sse: 210163632.0 (2946.057, 50.4, 145.010), neg: 137212 (%32.479:%0.02), avgs: 0
142: dt: 0.00, sse: 210162240.0 (2924.720, 50.4, 145.009), neg: 137210 (%32.472:%0.02), avgs: 0
nlarea/dist = 10.000
143: dt: 0.00, sse: 2061980288.0 (2924.704, 50.4, 145.009), neg: 137204 (%32.472:%0.02), avgs: 32
144: dt: 0.00, sse: 2061975168.0 (2880.302, 50.4, 145.009), neg: 137207 (%32.459:%0.02), avgs: 8
145: dt: 0.00, sse: 2061421952.0 (2089.370, 50.4, 144.989), neg: 137349 (%32.111:%0.02), avgs: 2
146: dt: 0.00, sse: 2061114624.0 (1969.185, 50.4, 144.978), neg: 137482 (%31.969:%0.02), avgs: 2
147: dt: 0.00, sse: 2061058176.0 (1902.815, 50.4, 144.976), neg: 137521 (%31.891:%0.02), avgs: 2
148: dt: 0.00, sse: 2060935296.0 (2009.040, 50.4, 144.972), neg: 137896 (%31.907:%0.02), avgs: 2
149: dt: 0.00, sse: 2060689664.0 (2037.144, 50.4, 144.963), neg: 138057 (%31.855:%0.02), avgs: 2
150: dt: 0.00, sse: 2060613888.0 (1899.845, 50.4, 144.960), neg: 138080 (%31.745:%0.02), avgs: 2
151: dt: 0.00, sse: 2060573056.0 (1845.401, 50.4, 144.958), neg: 138138 (%31.667:%0.02), avgs: 2
152: dt: 0.00, sse: 2060452480.0 (1925.830, 50.4, 144.954), neg: 138492 (%31.656:%0.02), avgs: 2
153: dt: 0.00, sse: 2060358912.0 (1829.539, 50.4, 144.950), neg: 138521 (%31.526:%0.02), avgs: 2
154: dt: 0.00, sse: 2060223872.0 (2093.815, 50.4, 144.945), neg: 138859 (%31.623:%0.02), avgs: 2
155: dt: 0.00, sse: 2060117760.0 (1892.643, 50.4, 144.941), neg: 138883 (%31.481:%0.02), avgs: 2
156: dt: 0.00, sse: 2060070400.0 (1809.087, 50.4, 144.940), neg: 138911 (%31.378:%0.02), avgs: 2
157: dt: 0.00, sse: 2060009728.0 (1842.721, 50.4, 144.937), neg: 139095 (%31.389:%0.02), avgs: 2
158: dt: 0.00, sse: 2059946880.0 (1790.672, 50.4, 144.935), neg: 139123 (%31.280:%0.02), avgs: 2
159: dt: 0.00, sse: 2059760640.0 (2026.477, 50.4, 144.928), neg: 139641 (%31.374:%0.02), avgs: 2
160: dt: 0.00, sse: 2059654656.0 (1846.746, 50.4, 144.924), neg: 139662 (%31.220:%0.02), avgs: 2
161: dt: 0.00, sse: 2059606912.0 (1783.961, 50.4, 144.922), neg: 139696 (%31.118:%0.02), avgs: 2
162: dt: 0.00, sse: 2059484928.0 (1920.896, 50.4, 144.918), neg: 140030 (%31.202:%0.02), avgs: 2
163: dt: 0.00, sse: 2059351936.0 (2181.300, 50.4, 144.913), neg: 140179 (%31.307:%0.02), avgs: 2
164: dt: 0.00, sse: 2059206400.0 (1920.854, 50.4, 144.908), neg: 140194 (%31.129:%0.02), avgs: 2
165: dt: 0.00, sse: 2059139968.0 (1798.143, 50.4, 144.905), neg: 140216 (%30.999:%0.02), avgs: 2
166: dt: 0.00, sse: 2059088128.0 (1778.093, 50.4, 144.903), neg: 140325 (%30.947:%0.02), avgs: 2
167: dt: 0.00, sse: 2058990336.0 (1806.211, 50.4, 144.900), neg: 140467 (%30.938:%0.02), avgs: 2
168: dt: 0.00, sse: 2058955008.0 (1761.240, 50.4, 144.899), neg: 140480 (%30.840:%0.02), avgs: 2
169: dt: 0.00, sse: 2058810624.0 (1961.154, 50.4, 144.893), neg: 141038 (%30.966:%0.02), avgs: 2
170: dt: 0.00, sse: 2058670208.0 (1796.183, 50.4, 144.888), neg: 141060 (%30.776:%0.02), avgs: 2
171: dt: 0.00, sse: 2058604672.0 (1752.480, 50.4, 144.886), neg: 141089 (%30.665:%0.02), avgs: 2
172: dt: 0.00, sse: 2058383744.0 (1937.235, 50.4, 144.877), neg: 141510 (%30.783:%0.02), avgs: 2
173: dt: 0.00, sse: 2058297344.0 (1822.252, 50.4, 144.874), neg: 141541 (%30.659:%0.02), avgs: 2
174: dt: 0.00, sse: 2058249216.0 (1777.866, 50.4, 144.873), neg: 141544 (%30.565:%0.02), avgs: 2
175: dt: 0.00, sse: 2058115840.0 (1851.337, 50.4, 144.868), neg: 141814 (%30.603:%0.02), avgs: 2
176: dt: 0.00, sse: 2058015872.0 (1764.921, 50.4, 144.864), neg: 141840 (%30.470:%0.02), avgs: 2
177: dt: 0.00, sse: 2057891328.0 (1769.923, 50.4, 144.860), neg: 141961 (%30.430:%0.02), avgs: 2
178: dt: 0.00, sse: 2057859328.0 (1741.671, 50.4, 144.859), neg: 141991 (%30.354:%0.02), avgs: 2
179: dt: 0.00, sse: 2057719552.0 (1894.781, 50.4, 144.853), neg: 142449 (%30.438:%0.02), avgs: 2
180: dt: 0.00, sse: 2057596160.0 (1780.459, 50.4, 144.849), neg: 142467 (%30.302:%0.02), avgs: 2
181: dt: 0.00, sse: 2057406592.0 (1889.069, 50.4, 144.842), neg: 142634 (%30.377:%0.02), avgs: 2
182: dt: 0.00, sse: 2057316480.0 (1790.779, 50.4, 144.839), neg: 142659 (%30.263:%0.02), avgs: 2
183: dt: 0.00, sse: 2057267328.0 (1752.837, 50.4, 144.837), neg: 142691 (%30.176:%0.02), avgs: 2
184: dt: 0.00, sse: 2057151360.0 (1795.629, 50.4, 144.833), neg: 142985 (%30.193:%0.02), avgs: 2
185: dt: 0.00, sse: 2056708352.0 (2177.445, 50.4, 144.817), neg: 143793 (%30.263:%0.02), avgs: 0
186: dt: 0.00, sse: 2056084608.0 (1905.688, 50.4, 144.795), neg: 143926 (%30.095:%0.02), avgs: 0
187: dt: 0.00, sse: 2055862784.0 (1995.946, 50.4, 144.787), neg: 144057 (%30.145:%0.02), avgs: 0
188: dt: 0.00, sse: 2055587968.0 (2170.356, 50.4, 144.777), neg: 144138 (%30.168:%0.02), avgs: 0
189: dt: 0.00, sse: 2055162752.0 (2116.956, 50.4, 144.762), neg: 144230 (%30.127:%0.02), avgs: 0
190: dt: 0.00, sse: 2054788352.0 (2121.894, 50.4, 144.749), neg: 144329 (%30.088:%0.02), avgs: 0
191: dt: 0.00, sse: 2054377600.0 (2021.651, 50.4, 144.734), neg: 144428 (%30.040:%0.02), avgs: 0
192: dt: 0.00, sse: 2054057984.0 (1968.384, 50.4, 144.723), neg: 144532 (%29.960:%0.02), avgs: 0
193: dt: 0.00, sse: 2053761280.0 (1928.994, 50.4, 144.712), neg: 144647 (%29.936:%0.02), avgs: 0
194: dt: 0.00, sse: 2053501056.0 (1905.546, 50.4, 144.703), neg: 144747 (%29.865:%0.02), avgs: 0
195: dt: 0.00, sse: 2053254272.0 (1882.287, 50.4, 144.694), neg: 144829 (%29.843:%0.02), avgs: 0
196: dt: 0.00, sse: 2053025280.0 (1868.137, 50.4, 144.686), neg: 144933 (%29.779:%0.02), avgs: 0
197: dt: 0.00, sse: 2052804224.0 (1850.639, 50.4, 144.679), neg: 145044 (%29.757:%0.02), avgs: 0
198: dt: 0.00, sse: 2052595200.0 (1838.724, 50.4, 144.671), neg: 145128 (%29.694:%0.02), avgs: 0
199: dt: 0.00, sse: 2052392960.0 (1824.422, 50.4, 144.664), neg: 145223 (%29.672:%0.02), avgs: 0
200: dt: 0.00, sse: 2052198272.0 (1815.513, 50.4, 144.657), neg: 145300 (%29.612:%0.02), avgs: 0
201: dt: 0.00, sse: 2052012032.0 (1804.399, 50.4, 144.651), neg: 145375 (%29.590:%0.02), avgs: 0
202: dt: 0.00, sse: 2051828608.0 (1797.919, 50.4, 144.644), neg: 145463 (%29.534:%0.02), avgs: 0
203: dt: 0.00, sse: 2051653888.0 (1789.276, 50.4, 144.638), neg: 145596 (%29.510:%0.02), avgs: 0
204: dt: 0.00, sse: 2051478784.0 (1784.396, 50.4, 144.632), neg: 145694 (%29.457:%0.02), avgs: 0
205: dt: 0.00, sse: 2051312896.0 (1777.532, 50.4, 144.626), neg: 145808 (%29.433:%0.02), avgs: 0
206: dt: 0.00, sse: 2051144192.0 (1773.990, 50.4, 144.620), neg: 145924 (%29.383:%0.02), avgs: 0
207: dt: 0.00, sse: 2050984960.0 (1768.340, 50.4, 144.614), neg: 146022 (%29.359:%0.02), avgs: 0
208: dt: 0.00, sse: 2050821248.0 (1765.779, 50.4, 144.609), neg: 146131 (%29.312:%0.02), avgs: 0
209: dt: 0.00, sse: 2050666752.0 (1760.902, 50.4, 144.603), neg: 146204 (%29.287:%0.02), avgs: 0
210: dt: 0.00, sse: 2050507136.0 (1758.973, 50.4, 144.598), neg: 146324 (%29.242:%0.02), avgs: 0
211: dt: 0.00, sse: 2050350336.0 (1769.479, 50.4, 144.592), neg: 146372 (%29.239:%0.02), avgs: 0
212: dt: 0.00, sse: 2050180736.0 (1768.326, 50.4, 144.586), neg: 146443 (%29.195:%0.02), avgs: 0
213: dt: 0.00, sse: 2050024192.0 (1766.001, 50.4, 144.581), neg: 146524 (%29.174:%0.02), avgs: 0
214: dt: 0.00, sse: 2049862400.0 (1765.562, 50.4, 144.575), neg: 146612 (%29.136:%0.02), avgs: 0
215: dt: 0.00, sse: 2049702144.0 (1756.825, 50.4, 144.569), neg: 146701 (%29.106:%0.02), avgs: 0
216: dt: 0.00, sse: 2049543552.0 (1750.251, 50.4, 144.564), neg: 146768 (%29.058:%0.02), avgs: 0
217: dt: 0.00, sse: 2049387904.0 (1738.788, 50.4, 144.558), neg: 146843 (%29.020:%0.02), avgs: 0
218: dt: 0.00, sse: 2049233152.0 (1729.869, 50.4, 144.553), neg: 146927 (%28.962:%0.02), avgs: 0
219: dt: 0.00, sse: 2049090048.0 (1720.309, 50.4, 144.548), neg: 146995 (%28.921:%0.02), avgs: 0
220: dt: 0.00, sse: 2048766464.0 (1978.678, 50.4, 144.537), neg: 147312 (%29.127:%0.02), avgs: 0
221: dt: 0.00, sse: 2048208128.0 (1746.990, 50.4, 144.517), neg: 147338 (%28.829:%0.02), avgs: 0
222: dt: 0.00, sse: 2048022656.0 (1739.851, 50.4, 144.510), neg: 147435 (%28.791:%0.02), avgs: 0
223: dt: 0.00, sse: 2047874944.0 (1727.848, 50.4, 144.505), neg: 147502 (%28.754:%0.02), avgs: 0
224: dt: 0.00, sse: 2047729664.0 (1720.900, 50.4, 144.500), neg: 147541 (%28.698:%0.02), avgs: 0
smoothing final surface...
225: dt: 0.50, sse: 64040894464.0 (1700.661, 50.4, 173.333), neg: 142391 (%28.697:%0.02), avgs: 0
226: dt: 0.50, sse: 63352016896.0 (1681.174, 50.4, 172.448), neg: 139761 (%28.866:%0.02), avgs: 0
227: dt: 0.50, sse: 62669377536.0 (1662.420, 50.4, 171.565), neg: 138021 (%29.127:%0.02), avgs: 0
228: dt: 0.50, sse: 61992935424.0 (1644.361, 50.4, 170.685), neg: 136573 (%29.446:%0.02), avgs: 0
229: dt: 0.50, sse: 61322629120.0 (1626.970, 50.4, 169.808), neg: 135362 (%29.801:%0.02), avgs: 0
unfolding took 0.23 hours
229: dt: 0.00, sse: 61322629120.0 (1626.970, 50.4, 169.808), neg: 135362 (%29.801:%0.02), avgs: 0
final distance error %2548.51
